Loading GRACE data...
Number of months: 156
Max degree: 96

=== COEFFICIENT MAGNITUDES ===
Max |delta Cnm|: 8.85e-11
Mean |delta Cnm|: 2.58e-13
C20 delta: -8.30e-11
C22 delta: -3.93e-11

=== DEFORMATION CALCULATION ===
Test location: 37.0°N, 120.0°W
Vertical deformation (with DDK3 correction): 0.07 mm

=== LOVE NUMBERS ===
h_2: 0.6307
k_2: 0.3098
h_2/(1+k_2): 0.4815

=== EXPECTED vs ACTUAL ===
Expected seasonal amplitude (literature): 5-15 mm
Actual amplitude (computed): 0.07 mm

=== VALIDATION ===
DDK3 gain factor (3.9x) is now automatically applied
Result should be in range 5-50 mm for realistic deformation
