=== GPS UNIT DEBUG ANALYSIS ===

Found 5 GPS stations

=== ANALYZING STATION: P056 ===
Raw file content (first 10 lines):
1: site YYMMMDD yyyy.yyyy __MJD week d reflon _e0(m) __east(m) ____n0(m) _north(m) u0(m) ____up(m) _ant(m) sig_e(m) sig_n(m) sig_u(m) __corr_en __corr_eu __corr_nu
2: P056 05NOV17 2005.8782 53691 1349 4 -119.1   3346  0.659739   3988587  0.103902   101  0.908422  0.0083 0.000703 0.000887 0.002881  0.028575 -0.073642 -0.141753
3: P056 05NOV18 2005.8809 53692 1349 5 -119.1   3346  0.663041   3988587  0.103453   101  0.904373  0.0083 0.000700 0.000873 0.002856  0.013474 -0.063714 -0.125973
4: P056 05NOV19 2005.8836 53693 1349 6 -119.1   3346  0.660712   3988587  0.103073   101  0.904376  0.0083 0.000686 0.000857 0.002758  0.024892 -0.034209 -0.129701
5: P056 05NOV20 2005.8864 53694 1350 0 -119.1   3346  0.659408   3988587  0.102489   101  0.906216  0.0083 0.000688 0.000860 0.002803  0.003098 -0.049064 -0.124314
6: P056 05NOV21 2005.8891 53695 1350 1 -119.1   3346  0.660144   3988587  0.104310   101  0.902939  0.0083 0.000722 0.000904 0.003014 -0.031863 -0.029093 -0.147585
7: P056 05NOV22 2005.8919 53696 1350 2 -119.1   3346  0.660282   3988587  0.103016   101  0.903838  0.0083 0.000682 0.000852 0.002777  0.012639 -0.070546 -0.149242
8: P056 05NOV23 2005.8946 53697 1350 3 -119.1   3346  0.661297   3988587  0.104476   101  0.904947  0.0083 0.000689 0.000861 0.002810 -0.006904 -0.058798 -0.114284
9: P056 05NOV24 2005.8973 53698 1350 4 -119.1   3346  0.659591   3988587  0.101629   101  0.909276  0.0083 0.000680 0.000848 0.002751  0.000329 -0.011720 -0.122930
10: P056 05NOV25 2005.9001 53699 1350 5 -119.1   3346  0.657647   3988587  0.100622   101  0.912646  0.0083 0.000698 0.000863 0.002844  0.009672 -0.049709 -0.146595

=== GPS DATA ANALYSIS ===
Number of observations: 5212
Time range: 53691.00 to 58929.00 (MJD)

Vertical (UP) component statistics:
  Raw min: 101.112510
  Raw max: 101.924721
  Raw mean: 101.621759
  Raw std: 0.250780
  Raw range: 0.812211

=== UNIT INTERPRETATION ===
Range 0.1-10: Could be CENTIMETERS or large METERS

Current processing pipeline:
1. Raw GPS: 101.112510 to 101.924721
2. After detrending: -0.137843 to 0.132411
3. After /1000 (assume mm->m): -0.000138 to 0.000132

=== ALTERNATIVE INTERPRETATIONS ===
If GPS data is already in METERS:
  No conversion needed: -0.137843 to 0.132411 m
  In mm this would be: -137.84 to 132.41 mm

=== RECOMMENDED ACTION ===
Check the .tenv3 file format specification!
GPS stations typically measure cm-level deformation for drought/seasonal effects.
Current assumption may need correction based on actual file format.
