Step 1: Loading Love numbers (PREM model)...
  Step 1 completed in 0.01 seconds

Step 2: Processing GRACE coefficient files...
  Coefficient validation:
    Max |Cnm delta|: 4.99e-11
    Max |Snm delta|: 5.27e-11
    C20 delta: 4.99e-11
    C22 delta: 2.28e-12
[Warning: Coefficients approaching machine precision - results may be unreliable] 
[> In main_grace_analysis (line 58)] 
  Step 2 completed in 32.90 seconds

Step 3: Loading GPS time series data...
  Step 3 completed in 1.19 seconds

Step 4: Converting GRACE to vertical deformation...
  Processing 156 time steps with static field removal (2002–2006) ...
    Processed 12/156 time steps (7.7%)
    Processed 24/156 time steps (15.4%)
    Processed 36/156 time steps (23.1%)
    Processed 48/156 time steps (30.8%)
    Processed 60/156 time steps (38.5%)
    Processed 72/156 time steps (46.2%)
    Processed 84/156 time steps (53.8%)
    Processed 96/156 time steps (61.5%)
    Processed 108/156 time steps (69.2%)
    Processed 120/156 time steps (76.9%)
    Processed 132/156 time steps (84.6%)
    Processed 144/156 time steps (92.3%)
    Processed 156/156 time steps (100.0%)
  Step 4 completed in 14.59 seconds

Step 5: Extracting GRACE deformation at GPS stations...
  Step 5 completed in 0.14 seconds

Step 6: Statistical comparison of GPS and GRACE time series...
  Deformation magnitude validation:
    Max GRACE deformation: 10.51 mm
    Mean GRACE deformation: 1.87 mm
    Expected range (literature): 5-50 mm seasonal
Applying low-pass filter to GPS data...
Applied low-pass filter: fc=0.033 cyc/day, order=4
Averaging GPS to GRACE observation periods...
GPS-GRACE alignment: 126/156 periods with valid data (80.8%)
GPS-GRACE Temporal Alignment Results:
  Common periods: 126
  Correlation: -0.045
  Best lag correlation: 0.135 (lag: -3 months)
  RMSE: 71.506 mm
  Amplitude ratio: 0.024
Applying low-pass filter to GPS data...
Applied low-pass filter: fc=0.033 cyc/day, order=4
Averaging GPS to GRACE observation periods...
GPS-GRACE alignment: 115/156 periods with valid data (73.7%)
GPS-GRACE Temporal Alignment Results:
  Common periods: 115
  Correlation: 0.209
  Best lag correlation: -0.381 (lag: +3 months)
  RMSE: 5.591 mm
  Amplitude ratio: 0.228
Applying low-pass filter to GPS data...
Applied low-pass filter: fc=0.033 cyc/day, order=4
Averaging GPS to GRACE observation periods...
GPS-GRACE alignment: 98/156 periods with valid data (62.8%)
GPS-GRACE Temporal Alignment Results:
  Common periods: 98
  Correlation: 0.215
  Best lag correlation: -0.482 (lag: +3 months)
  RMSE: 7.237 mm
  Amplitude ratio: 0.183
Applying low-pass filter to GPS data...
Applied low-pass filter: fc=0.033 cyc/day, order=4
Averaging GPS to GRACE observation periods...
GPS-GRACE alignment: 98/156 periods with valid data (62.8%)
GPS-GRACE Temporal Alignment Results:
  Common periods: 98
  Correlation: 0.183
  Best lag correlation: -0.436 (lag: +3 months)
  RMSE: 7.020 mm
  Amplitude ratio: 0.191
Applying low-pass filter to GPS data...
Applied low-pass filter: fc=0.033 cyc/day, order=4
Averaging GPS to GRACE observation periods...
GPS-GRACE alignment: 128/156 periods with valid data (82.1%)
GPS-GRACE Temporal Alignment Results:
  Common periods: 128
  Correlation: 0.355
  Best lag correlation: 0.497 (lag: -1 months)
  RMSE: 5.312 mm
  Amplitude ratio: 0.282
  GPS-GRACE correlation validation:
    Mean correlation: 0.183
    Stations with correlation > 0.5: 0/5 (0.0%)
    Stations with correlation > 0.75: 0/5 (0.0%)
    Expected (literature): >75% above 0.75
  Step 6 completed in 0.59 seconds

Step 7: Creating vertical deformation time series plots...
  Step 7 completed in 14.31 seconds

Step 8: Creating spatial difference maps (GPS-GRACE) every 5 years...
  Step 8 completed in 4.02 seconds

